2023-10-30 17:41:53,658 37261 [http-nio-8080-exec-1] INFO  c.d.s.service.impl.GameServiceImpl - computer choice was : PAPER, player choice was: paper, and the result is: TIE
2023-10-30 17:44:09,338 172941 [http-nio-8080-exec-4] INFO  c.d.s.service.impl.GameServiceImpl - computer choice was : PAPER, player choice was: PAPER, and the result is: TIE
2023-10-30 17:44:13,246 176849 [http-nio-8080-exec-5] INFO  c.d.s.service.impl.GameServiceImpl - computer choice was : SCISSORS, player choice was: PAPER, and the result is: COMPUTER
2023-10-30 17:44:18,765 182368 [http-nio-8080-exec-7] INFO  c.d.s.service.impl.GameServiceImpl - computer choice was : PAPER, player choice was: PAPER, and the result is: TIE
2023-10-30 17:44:19,849 183452 [http-nio-8080-exec-8] INFO  c.d.s.service.impl.GameServiceImpl - computer choice was : PAPER, player choice was: PAPER, and the result is: TIE
2023-10-30 17:44:20,622 184225 [http-nio-8080-exec-9] INFO  c.d.s.service.impl.GameServiceImpl - computer choice was : PAPER, player choice was: PAPER, and the result is: TIE
2023-10-30 17:44:21,316 184919 [http-nio-8080-exec-10] INFO  c.d.s.service.impl.GameServiceImpl - computer choice was : SCISSORS, player choice was: PAPER, and the result is: COMPUTER
2023-10-30 17:44:24,031 187634 [http-nio-8080-exec-2] INFO  c.d.s.service.impl.GameServiceImpl - computer choice was : PAPER, player choice was: PAPER, and the result is: TIE
2023-10-30 17:44:24,963 188566 [http-nio-8080-exec-3] INFO  c.d.s.service.impl.GameServiceImpl - computer choice was : STONE, player choice was: PAPER, and the result is: CLIENT
2023-10-30 17:44:25,543 189146 [http-nio-8080-exec-4] INFO  c.d.s.service.impl.GameServiceImpl - computer choice was : STONE, player choice was: PAPER, and the result is: CLIENT
2023-10-30 17:44:27,912 191515 [http-nio-8080-exec-5] INFO  c.d.s.service.impl.GameServiceImpl - computer choice was : PAPER, player choice was: SCISSORS, and the result is: CLIENT
2023-10-30 17:44:33,540 197143 [http-nio-8080-exec-7] INFO  c.d.s.service.impl.GameServiceImpl - computer choice was : SCISSORS, player choice was: SCISSORS, and the result is: TIE
2023-10-30 17:44:38,932 202535 [http-nio-8080-exec-9] INFO  c.d.s.service.impl.GameServiceImpl - computer choice was : STONE, player choice was: SCISSORS, and the result is: COMPUTER
2023-10-30 17:44:43,105 206708 [http-nio-8080-exec-10] INFO  c.d.s.service.impl.GameServiceImpl - computer choice was : STONE, player choice was: STONE, and the result is: TIE
2023-10-30 17:44:45,372 208975 [http-nio-8080-exec-2] INFO  c.d.s.service.impl.GameServiceImpl - computer choice was : SCISSORS, player choice was: STONE, and the result is: CLIENT
2023-10-30 17:44:47,838 211441 [http-nio-8080-exec-3] INFO  c.d.s.service.impl.GameServiceImpl - computer choice was : STONE, player choice was: STONE, and the result is: TIE
2023-10-30 17:44:49,120 212723 [http-nio-8080-exec-5] INFO  c.d.s.service.impl.GameServiceImpl - computer choice was : SCISSORS, player choice was: STONE, and the result is: CLIENT
2023-10-30 17:44:50,526 214129 [http-nio-8080-exec-6] INFO  c.d.s.service.impl.GameServiceImpl - computer choice was : STONE, player choice was: STONE, and the result is: TIE
2023-10-30 17:44:51,756 215359 [http-nio-8080-exec-7] INFO  c.d.s.service.impl.GameServiceImpl - computer choice was : PAPER, player choice was: STONE, and the result is: COMPUTER
2023-10-30 17:44:52,377 215980 [http-nio-8080-exec-8] INFO  c.d.s.service.impl.GameServiceImpl - computer choice was : PAPER, player choice was: STONE, and the result is: COMPUTER
2023-10-30 17:44:53,249 216852 [http-nio-8080-exec-9] INFO  c.d.s.service.impl.GameServiceImpl - computer choice was : PAPER, player choice was: STONE, and the result is: COMPUTER
2023-11-08 22:09:40,909 8200 [http-nio-8080-exec-1] INFO  c.d.s.service.impl.GameServiceImpl - computer choice was : SCISSORS, player choice was: PAPER, and the result is: COMPUTER
2023-11-08 22:09:41,936 9227 [http-nio-8080-exec-2] INFO  c.d.s.service.impl.GameServiceImpl - computer choice was : STONE, player choice was: SCISSORS, and the result is: COMPUTER
2023-11-08 22:17:39,182 454088 [http-nio-8080-exec-1] INFO  c.d.s.service.impl.GameServiceImpl - computer choice was : SCISSORS, player choice was: PAPER, and the result is: COMPUTER
2023-11-08 22:17:39,436 454342 [http-nio-8080-exec-2] INFO  c.d.s.service.impl.GameServiceImpl - computer choice was : STONE, player choice was: PAPER, and the result is: CLIENT
2023-11-08 22:17:40,005 454911 [http-nio-8080-exec-3] INFO  c.d.s.service.impl.GameServiceImpl - computer choice was : PAPER, player choice was: SCISSORS, and the result is: CLIENT
2023-11-08 22:17:40,557 455463 [http-nio-8080-exec-4] INFO  c.d.s.service.impl.GameServiceImpl - computer choice was : PAPER, player choice was: PAPER, and the result is: TIE
2023-11-08 22:17:41,093 455999 [http-nio-8080-exec-5] INFO  c.d.s.service.impl.GameServiceImpl - computer choice was : SCISSORS, player choice was: STONE, and the result is: CLIENT
2023-11-08 22:17:41,724 456630 [http-nio-8080-exec-6] INFO  c.d.s.service.impl.GameServiceImpl - computer choice was : STONE, player choice was: PAPER, and the result is: CLIENT
2023-11-08 22:17:42,262 457168 [http-nio-8080-exec-7] INFO  c.d.s.service.impl.GameServiceImpl - computer choice was : PAPER, player choice was: SCISSORS, and the result is: CLIENT
2023-11-08 22:17:42,774 457680 [http-nio-8080-exec-8] INFO  c.d.s.service.impl.GameServiceImpl - computer choice was : SCISSORS, player choice was: PAPER, and the result is: COMPUTER
2023-11-08 22:17:43,028 457934 [http-nio-8080-exec-9] INFO  c.d.s.service.impl.GameServiceImpl - computer choice was : PAPER, player choice was: PAPER, and the result is: TIE
2023-11-08 22:17:43,237 458143 [http-nio-8080-exec-10] INFO  c.d.s.service.impl.GameServiceImpl - computer choice was : STONE, player choice was: PAPER, and the result is: CLIENT
2023-11-08 22:17:43,434 458340 [http-nio-8080-exec-1] INFO  c.d.s.service.impl.GameServiceImpl - computer choice was : PAPER, player choice was: PAPER, and the result is: TIE
2023-11-08 22:17:43,621 458527 [http-nio-8080-exec-2] INFO  c.d.s.service.impl.GameServiceImpl - computer choice was : STONE, player choice was: PAPER, and the result is: CLIENT
2023-11-08 22:17:44,149 459055 [http-nio-8080-exec-3] INFO  c.d.s.service.impl.GameServiceImpl - computer choice was : PAPER, player choice was: SCISSORS, and the result is: CLIENT
2023-11-08 22:17:44,321 459227 [http-nio-8080-exec-4] INFO  c.d.s.service.impl.GameServiceImpl - computer choice was : PAPER, player choice was: SCISSORS, and the result is: CLIENT
2023-11-08 22:17:44,504 459410 [http-nio-8080-exec-5] INFO  c.d.s.service.impl.GameServiceImpl - computer choice was : STONE, player choice was: SCISSORS, and the result is: COMPUTER
2023-11-08 22:17:44,870 459776 [http-nio-8080-exec-6] INFO  c.d.s.service.impl.GameServiceImpl - computer choice was : SCISSORS, player choice was: SCISSORS, and the result is: TIE
2023-11-08 22:17:45,051 459957 [http-nio-8080-exec-7] INFO  c.d.s.service.impl.GameServiceImpl - computer choice was : STONE, player choice was: SCISSORS, and the result is: COMPUTER
2023-11-08 22:17:45,860 460766 [http-nio-8080-exec-8] INFO  c.d.s.service.impl.GameServiceImpl - computer choice was : SCISSORS, player choice was: STONE, and the result is: CLIENT
2023-11-09 15:49:18,106 83898 [http-nio-8080-exec-1] INFO  c.d.s.service.impl.GameServiceImpl - computer choice was : SCISSORS, player choice was: PAPER, and the result is: COMPUTER
2023-11-09 15:49:18,569 84361 [http-nio-8080-exec-2] INFO  c.d.s.service.impl.GameServiceImpl - computer choice was : SCISSORS, player choice was: STONE, and the result is: CLIENT
2023-11-09 15:49:19,839 85631 [http-nio-8080-exec-3] INFO  c.d.s.service.impl.GameServiceImpl - computer choice was : STONE, player choice was: SCISSORS, and the result is: COMPUTER
2023-11-09 15:49:20,346 86138 [http-nio-8080-exec-4] INFO  c.d.s.service.impl.GameServiceImpl - computer choice was : PAPER, player choice was: PAPER, and the result is: TIE
2023-11-09 15:56:17,945 87661 [http-nio-8080-exec-1] INFO  c.d.s.service.impl.GameServiceImpl - computer choice was : PAPER, player choice was: PAPER, and the result is: TIE
2023-11-09 15:56:18,376 88092 [http-nio-8080-exec-2] INFO  c.d.s.service.impl.GameServiceImpl - computer choice was : SCISSORS, player choice was: PAPER, and the result is: COMPUTER
2023-11-09 15:56:18,910 88626 [http-nio-8080-exec-3] INFO  c.d.s.service.impl.GameServiceImpl - computer choice was : PAPER, player choice was: SCISSORS, and the result is: CLIENT
2023-11-09 15:56:19,769 89485 [http-nio-8080-exec-4] INFO  c.d.s.service.impl.GameServiceImpl - computer choice was : SCISSORS, player choice was: STONE, and the result is: CLIENT
2023-11-09 15:56:20,257 89973 [http-nio-8080-exec-5] INFO  c.d.s.service.impl.GameServiceImpl - computer choice was : PAPER, player choice was: STONE, and the result is: COMPUTER
2023-11-09 15:56:20,475 90191 [http-nio-8080-exec-6] INFO  c.d.s.service.impl.GameServiceImpl - computer choice was : STONE, player choice was: STONE, and the result is: TIE
2023-11-09 15:56:20,618 90334 [http-nio-8080-exec-7] INFO  c.d.s.service.impl.GameServiceImpl - computer choice was : STONE, player choice was: STONE, and the result is: TIE
2023-11-09 15:56:20,795 90511 [http-nio-8080-exec-8] INFO  c.d.s.service.impl.GameServiceImpl - computer choice was : STONE, player choice was: STONE, and the result is: TIE
2023-11-09 15:56:21,007 90723 [http-nio-8080-exec-9] INFO  c.d.s.service.impl.GameServiceImpl - computer choice was : SCISSORS, player choice was: STONE, and the result is: CLIENT
2023-11-09 15:56:21,216 90932 [http-nio-8080-exec-10] INFO  c.d.s.service.impl.GameServiceImpl - computer choice was : SCISSORS, player choice was: STONE, and the result is: CLIENT
2023-11-09 15:56:21,653 91369 [http-nio-8080-exec-1] INFO  c.d.s.service.impl.GameServiceImpl - computer choice was : SCISSORS, player choice was: STONE, and the result is: CLIENT
2023-11-09 15:56:21,813 91529 [http-nio-8080-exec-2] INFO  c.d.s.service.impl.GameServiceImpl - computer choice was : PAPER, player choice was: STONE, and the result is: COMPUTER
2023-11-09 16:07:38,555 768271 [http-nio-8080-exec-4] INFO  c.d.s.service.impl.GameServiceImpl - computer choice was : SCISSORS, player choice was: SCISSORS, and the result is: TIE
2023-11-09 16:07:52,033 781749 [http-nio-8080-exec-5] INFO  c.d.s.service.impl.GameServiceImpl - computer choice was : STONE, player choice was: PAPER, and the result is: CLIENT
2023-11-09 16:07:58,911 788627 [http-nio-8080-exec-6] INFO  c.d.s.service.impl.GameServiceImpl - computer choice was : PAPER, player choice was: STONE, and the result is: COMPUTER
2023-11-09 16:08:00,050 789766 [http-nio-8080-exec-7] INFO  c.d.s.service.impl.GameServiceImpl - computer choice was : STONE, player choice was: STONE, and the result is: TIE
2023-11-09 16:08:01,299 791015 [http-nio-8080-exec-8] INFO  c.d.s.service.impl.GameServiceImpl - computer choice was : STONE, player choice was: STONE, and the result is: TIE
2023-11-09 16:08:02,037 791753 [http-nio-8080-exec-9] INFO  c.d.s.service.impl.GameServiceImpl - computer choice was : PAPER, player choice was: STONE, and the result is: COMPUTER
2023-11-09 16:08:02,625 792341 [http-nio-8080-exec-10] INFO  c.d.s.service.impl.GameServiceImpl - computer choice was : STONE, player choice was: STONE, and the result is: TIE
2023-11-09 16:08:03,202 792918 [http-nio-8080-exec-1] INFO  c.d.s.service.impl.GameServiceImpl - computer choice was : PAPER, player choice was: STONE, and the result is: COMPUTER
2023-11-09 16:08:04,047 793763 [http-nio-8080-exec-2] INFO  c.d.s.service.impl.GameServiceImpl - computer choice was : PAPER, player choice was: STONE, and the result is: COMPUTER
